[0.000][INFO]:      ChromeDriver 26.0.1383.0 /usr/bin/chromedriver
[0.228][FINE]:      Initializing session with capabilities {
   "browserName": "chrome",
   "chrome.detach": true,
   "chromeOptions": {
      "detach": true
   },
   "cssSelectorsEnabled": true,
   "javascriptEnabled": true,
   "nativeEvents": false,
   "platform": "ANY",
   "rotatable": false,
   "takesScreenshot": false,
   "version": ""
}

[0.230][INFO]:      Using named testing interface
[0.770][INFO]:      Connected to Chrome successfully. Version: 24.0.1312.56
[0.786][FINE]:      Command received (/session/be4b9ef2129ba01a8dc4e2af9c902a25)
[0.786][FINE]:      Command finished (/session/be4b9ef2129ba01a8dc4e2af9c902a25) with response {
   "sessionId": "be4b9ef2129ba01a8dc4e2af9c902a25",
   "status": 0,
   "value": {
      "acceptSslCerts": false,
      "applicationCacheEnabled": false,
      "browserConnectionEnabled": false,
      "browserName": "chrome",
      "chrome.chromedriverVersion": "26.0.1383.0",
      "cssSelectorsEnabled": true,
      "databaseEnabled": false,
      "handlesAlerts": true,
      "javascriptEnabled": true,
      "locationContextEnabled": false,
      "nativeEvents": true,
      "platform": "mac",
      "rotatable": false,
      "takesScreenshot": true,
      "version": "24.0.1312.56",
      "webStorageEnabled": true
   }
}

[0.788][FINE]:      Command received (/session/be4b9ef2129ba01a8dc4e2af9c902a25/url) with params {
   "url": "https://www.coursera.org/courses"
}

[0.788][FINER]:     Waiting for all views to stop loading...
[0.789][FINER]:     Done waiting for all views to stop loading
[2.142][FINER]:     Waiting for all views to stop loading...
[2.150][FINER]:     Done waiting for all views to stop loading
[2.150][FINE]:      Command finished (/session/be4b9ef2129ba01a8dc4e2af9c902a25/url) with response {
   "sessionId": "be4b9ef2129ba01a8dc4e2af9c902a25",
   "status": 0,
   "value": {

   }
}

[2.151][FINE]:      Command received (/session/be4b9ef2129ba01a8dc4e2af9c902a25/url)
[2.151][FINER]:     Waiting for all views to stop loading...
[2.159][FINER]:     Done waiting for all views to stop loading
[2.164][FINER]:     Waiting for all views to stop loading...
[2.164][FINER]:     Done waiting for all views to stop loading
[2.164][FINE]:      Command finished (/session/be4b9ef2129ba01a8dc4e2af9c902a25/url) with response {
   "sessionId": "be4b9ef2129ba01a8dc4e2af9c902a25",
   "status": 0,
   "value": "https://www.coursera.org/courses"
}

[4.165][FINE]:      Command received (/session/be4b9ef2129ba01a8dc4e2af9c902a25/source)
[4.165][FINER]:     Waiting for all views to stop loading...
[4.166][FINER]:     Done waiting for all views to stop loading
[5.214][FINER]:     Waiting for all views to stop loading...
[5.215][FINER]:     Done waiting for all views to stop loading
[5.215][FINE]:      Command finished (/session/be4b9ef2129ba01a8dc4e2af9c902a25/source) with response {
   "sessionId": "be4b9ef2129ba01a8dc4e2af9c902a25",
   "status": 0,
   "value": "\u003C!DOCTYPE html\u003E\u003Chtml xmlns:fb=\"http://ogp.me/ns/fb#\" itemtype=\"http://schema.org\"\u003E\u003Chead\u003E\u003Cmeta htt..."
}

[5.492][FINE]:      Command received (/session/be4b9ef2129ba01a8dc4e2af9c902a25/url) with params {
   "url": "https://www.coursera.org/course/cgt"
}

[5.492][FINER]:     Waiting for all views to stop loading...
[5.492][FINER]:     Done waiting for all views to stop loading
[5.653][FINER]:     Waiting for all views to stop loading...
[5.655][FINER]:     Done waiting for all views to stop loading
[5.655][FINE]:      Command finished (/session/be4b9ef2129ba01a8dc4e2af9c902a25/url) with response {
   "sessionId": "be4b9ef2129ba01a8dc4e2af9c902a25",
   "status": 0,
   "value": {

   }
}

[5.656][FINE]:      Command received (/session/be4b9ef2129ba01a8dc4e2af9c902a25/url)
[5.656][FINER]:     Waiting for all views to stop loading...
[5.680][FINER]:     Done waiting for all views to stop loading
[5.710][FINER]:     Waiting for all views to stop loading...
[5.711][FINER]:     Done waiting for all views to stop loading
[5.711][FINE]:      Command finished (/session/be4b9ef2129ba01a8dc4e2af9c902a25/url) with response {
   "sessionId": "be4b9ef2129ba01a8dc4e2af9c902a25",
   "status": 0,
   "value": "https://www.coursera.org/course/cgt"
}

[7.713][FINE]:      Command received (/session/be4b9ef2129ba01a8dc4e2af9c902a25/source)
[7.713][FINER]:     Waiting for all views to stop loading...
[7.713][FINER]:     Done waiting for all views to stop loading
[7.720][FINER]:     Waiting for all views to stop loading...
[7.720][FINER]:     Done waiting for all views to stop loading
[7.721][FINE]:      Command finished (/session/be4b9ef2129ba01a8dc4e2af9c902a25/source) with response {
   "sessionId": "be4b9ef2129ba01a8dc4e2af9c902a25",
   "status": 0,
   "value": "\u003C!DOCTYPE html\u003E\u003Chtml xmlns:fb=\"http://ogp.me/ns/fb#\" itemtype=\"http://schema.org\"\u003E\u003Chead\u003E\u003Cmeta htt..."
}

[7.891][FINE]:      Command received (/session/be4b9ef2129ba01a8dc4e2af9c902a25/url) with params {
   "url": "https://www.coursera.org/course/writing2"
}

[7.891][FINER]:     Waiting for all views to stop loading...
[7.892][FINER]:     Done waiting for all views to stop loading
[8.037][FINER]:     Waiting for all views to stop loading...
[8.038][FINER]:     Done waiting for all views to stop loading
[8.038][FINE]:      Command finished (/session/be4b9ef2129ba01a8dc4e2af9c902a25/url) with response {
   "sessionId": "be4b9ef2129ba01a8dc4e2af9c902a25",
   "status": 0,
   "value": {

   }
}

[8.039][FINE]:      Command received (/session/be4b9ef2129ba01a8dc4e2af9c902a25/url)
[8.039][FINER]:     Waiting for all views to stop loading...
[8.040][FINER]:     Done waiting for all views to stop loading
[8.077][FINER]:     Waiting for all views to stop loading...
[8.077][FINER]:     Done waiting for all views to stop loading
[8.077][FINE]:      Command finished (/session/be4b9ef2129ba01a8dc4e2af9c902a25/url) with response {
   "sessionId": "be4b9ef2129ba01a8dc4e2af9c902a25",
   "status": 0,
   "value": "https://www.coursera.org/course/writing2"
}

[10.080][FINE]:     Command received (/session/be4b9ef2129ba01a8dc4e2af9c902a25/source)
[10.080][FINER]:    Waiting for all views to stop loading...
[10.080][FINER]:    Done waiting for all views to stop loading
[10.089][FINER]:    Waiting for all views to stop loading...
[10.090][FINER]:    Done waiting for all views to stop loading
[10.090][FINE]:     Command finished (/session/be4b9ef2129ba01a8dc4e2af9c902a25/source) with response {
   "sessionId": "be4b9ef2129ba01a8dc4e2af9c902a25",
   "status": 0,
   "value": "\u003C!DOCTYPE html\u003E\u003Chtml xmlns:fb=\"http://ogp.me/ns/fb#\" itemtype=\"http://schema.org\"\u003E\u003Chead\u003E\u003Cmeta htt..."
}

